app/build/outputs/logs/manifest-merger-debug-report.txt
-- Merging decision tree log ---
manifest
ADDED from AndroidManifest.xml:2:1
	package
		ADDED from AndroidManifest.xml:3:5
		INJECTED from AndroidManifest.xml:0:0
		INJECTED from AndroidManifest.xml:0:0
	android:versionName
		ADDED from AndroidManifest.xml:5:5
	android:versionCode
		ADDED from AndroidManifest.xml:4:5
		INJECTED from AndroidManifest.xml:0:0
		INJECTED from AndroidManifest.xml:0:0
	xmlns:android
		ADDED from AndroidManifest.xml:2:11
uses-sdk
ADDED from AndroidManifest.xml:7:5
	android:targetSdkVersion
		ADDED from AndroidManifest.xml:9:9
		INJECTED from AndroidManifest.xml:0:0
		INJECTED from AndroidManifest.xml:0:0
	android:minSdkVersion
		ADDED from AndroidManifest.xml:8:9
		INJECTED from AndroidManifest.xml:0:0
		INJECTED from AndroidManifest.xml:0:0
uses-permission#android.permission.MOUNT_UNMOUNT_FILESYSTEMS
ADDED from AndroidManifest.xml:10:5
	android:name
		ADDED from AndroidManifest.xml:10:22
uses-permission#android.permission.ACCESS_WIFI_STATE
ADDED from AndroidManifest.xml:11:5
	android:name
		ADDED from AndroidManifest.xml:11:22
uses-permission#android.permission.READ_PHONE_STATE
ADDED from AndroidManifest.xml:12:5
	android:name
		ADDED from AndroidManifest.xml:12:22
uses-permission#android.permission.ACCESS_FINE_LOCATION
ADDED from AndroidManifest.xml:13:5
	android:name
		ADDED from AndroidManifest.xml:13:22
uses-permission#android.permission.GET_TASKS
ADDED from AndroidManifest.xml:14:5
	android:name
		ADDED from AndroidManifest.xml:14:22
uses-permission#android.permission.READ_LOGS
ADDED from AndroidManifest.xml:15:5
	android:name
		ADDED from AndroidManifest.xml:15:22
uses-permission#android.permission.WRITE_EXTERNAL_STORAGE
ADDED from AndroidManifest.xml:16:2
	android:name
		ADDED from AndroidManifest.xml:16:19
uses-permission#android.permission.INTERNET
ADDED from AndroidManifest.xml:17:5
	android:name
		ADDED from AndroidManifest.xml:17:22
uses-permission#android.permission.ACCESS_NETWORK_STATE
ADDED from AndroidManifest.xml:18:5
	android:name
		ADDED from AndroidManifest.xml:18:22
uses-permission#android.permission.DOWNLOAD_WITHOUT_NOTIFICATION
ADDED from AndroidManifest.xml:19:5
	android:name
		ADDED from AndroidManifest.xml:19:22
application
ADDED from AndroidManifest.xml:21:5
	android:label
		ADDED from AndroidManifest.xml:24:9
	android:allowBackup
		ADDED from AndroidManifest.xml:22:9
	android:icon
		ADDED from AndroidManifest.xml:23:9
	android:theme
		ADDED from AndroidManifest.xml:25:9
	android:name
		ADDED from AndroidManifest.xml:25:48
activity#com.pediy.bbs.kanxue.SplashActivity
ADDED from AndroidManifest.xml:26:9
	android:screenOrientation
		ADDED from AndroidManifest.xml:27:43
	android:name
		ADDED from AndroidManifest.xml:27:13
intent-filter#android.intent.action.MAIN+android.intent.category.LAUNCHER
ADDED from AndroidManifest.xml:28:13
action#android.intent.action.MAIN
ADDED from AndroidManifest.xml:29:17
	android:name
		ADDED from AndroidManifest.xml:29:25
category#android.intent.category.LAUNCHER
ADDED from AndroidManifest.xml:31:17
	android:name
		ADDED from AndroidManifest.xml:31:27
activity#com.pediy.bbs.kanxue.MainActivity
ADDED from AndroidManifest.xml:34:9
	android:screenOrientation
		ADDED from AndroidManifest.xml:34:86
	android:theme
		ADDED from AndroidManifest.xml:34:47
	android:name
		ADDED from AndroidManifest.xml:34:19
activity#com.pediy.bbs.kanxue.ForumHomePage
ADDED from AndroidManifest.xml:36:9
	android:screenOrientation
		ADDED from AndroidManifest.xml:36:19
	android:name
		ADDED from AndroidManifest.xml:36:56
activity#com.pediy.bbs.kanxue.ForumDisplayPage
ADDED from AndroidManifest.xml:38:9
	android:screenOrientation
		ADDED from AndroidManifest.xml:38:19
	android:name
		ADDED from AndroidManifest.xml:38:56
activity#com.pediy.bbs.kanxue.ShowThreadPage
ADDED from AndroidManifest.xml:39:9
	android:screenOrientation
		ADDED from AndroidManifest.xml:39:49
	android:name
		ADDED from AndroidManifest.xml:39:19
activity#com.pediy.bbs.kanxue.LoginPage
ADDED from AndroidManifest.xml:40:9
	android:screenOrientation
		ADDED from AndroidManifest.xml:40:44
	android:name
		ADDED from AndroidManifest.xml:40:19
activity#com.pediy.bbs.kanxue.NewThreadPage
ADDED from AndroidManifest.xml:41:9
	android:screenOrientation
		ADDED from AndroidManifest.xml:41:48
	android:name
		ADDED from AndroidManifest.xml:41:19
activity#com.pediy.bbs.kanxue.SettingPage
ADDED from AndroidManifest.xml:42:9
	android:screenOrientation
		ADDED from AndroidManifest.xml:42:46
	android:name
		ADDED from AndroidManifest.xml:42:19
activity#com.pediy.bbs.kanxue.FeedbackPage
ADDED from AndroidManifest.xml:43:9
	android:screenOrientation
		ADDED from AndroidManifest.xml:43:47
	android:name
		ADDED from AndroidManifest.xml:43:19
activity#com.pediy.bbs.kanxue.UserInfoPage
ADDED from AndroidManifest.xml:44:9
	android:screenOrientation
		ADDED from AndroidManifest.xml:44:47
	android:name
		ADDED from AndroidManifest.xml:44:19
activity#com.pediy.bbs.kanxue.AboutPage
ADDED from AndroidManifest.xml:45:9
	android:screenOrientation
		ADDED from AndroidManifest.xml:45:19
	android:name
		ADDED from AndroidManifest.xml:45:56
service#com.zdp.aseo.content.AseoZdpUpdateService
ADDED from AndroidManifest.xml:46:9
	android:name
		ADDED from AndroidManifest.xml:46:18
activity#com.iflytek.voiceads.request.IFLYBrowser
ADDED from AndroidManifest.xml:47:3
	android:screenOrientation
		ADDED from AndroidManifest.xml:48:13
	android:name
		ADDED from AndroidManifest.xml:47:13
meta-data#IFLYTEK_APPKEY_AD
ADDED from AndroidManifest.xml:49:9
	android:value
		ADDED from AndroidManifest.xml:49:54
	android:name
		ADDED from AndroidManifest.xml:49:21